<?xml version="1.0" encoding="UTF-8" ?>
<testsuite tests="0" failures="0" name="OnboardCloudAccount.E2E_Automation_REST_based_API_Java_HttpComponents_Client.AppTest" time="0" errors="0" skipped="0">
  <properties>
    <property name="java.runtime.name" value="Java(TM) SE Runtime Environment"/>
    <property name="sun.boot.library.path" value="C:\Program Files\Java\jdk1.8.0_40\jre\bin"/>
    <property name="java.vm.version" value="25.40-b25"/>
    <property name="java.vm.vendor" value="Oracle Corporation"/>
    <property name="java.vendor.url" value="http://java.oracle.com/"/>
    <property name="path.separator" value=";"/>
    <property name="guice.disable.misplaced.annotation.check" value="true"/>
    <property name="java.vm.name" value="Java HotSpot(TM) 64-Bit Server VM"/>
    <property name="file.encoding.pkg" value="sun.io"/>
    <property name="user.script" value=""/>
    <property name="user.country" value="US"/>
    <property name="sun.java.launcher" value="SUN_STANDARD"/>
    <property name="sun.os.patch.level" value="Service Pack 1"/>
    <property name="java.vm.specification.name" value="Java Virtual Machine Specification"/>
    <property name="user.dir" value="C:\Eclipse\WorkspaceITApp\E2E_Automation_REST_based_API_Java_HttpComponents_Client"/>
    <property name="java.runtime.version" value="1.8.0_40-b26"/>
    <property name="java.awt.graphicsenv" value="sun.awt.Win32GraphicsEnvironment"/>
    <property name="java.endorsed.dirs" value="C:\Program Files\Java\jdk1.8.0_40\jre\lib\endorsed"/>
    <property name="os.arch" value="amd64"/>
    <property name="java.io.tmpdir" value="C:\Users\CYDOBO~1\AppData\Local\Temp\"/>
    <property name="line.separator" value="
"/>
    <property name="java.vm.specification.vendor" value="Oracle Corporation"/>
    <property name="user.variant" value=""/>
    <property name="os.name" value="Windows 7"/>
    <property name="classworlds.conf" value="C:\Eclipse\WorkspaceITApp\.metadata\.plugins\org.eclipse.m2e.launching\launches\m2conf1686390789708984823.tmp"/>
    <property name="sun.jnu.encoding" value="Cp1252"/>
    <property name="java.library.path" value="C:\Program Files\Java\jdk1.8.0_40\bin;C:\Windows\Sun\Java\bin;C:\Windows\system32;C:\Windows;C:/Program Files/Java/jdk1.8.0_40/bin/../jre/bin/server;C:/Program Files/Java/jdk1.8.0_40/bin/../jre/bin;C:/Program Files/Java/jdk1.8.0_40/bin/../jre/lib/amd64;C:\Program Files (x86)\iis express\PHP\v5.4;c:\Program Files (x86)\ATI Technologies\ATI.ACE\Core-Static;C:\Program Files (x86)\Skype\Phone\;C:\Ruby22\bin;C:\oraclexe\app\oracle\product\10.2.0\server\bin;C:\Program Files\Java\Maven\bin;C:\Program Files\Java\jdk1.8.0_40\bin;C:\Program Files (x86)\iis express\PHP\v5.4;c:\Program Files (x86)\ATI Technologies\ATI.ACE\Core-Static;C:\Program Files (x86)\Skype\Phone\;C:\Ruby22\bin;C:\oraclexe\app\oracle\product\10.2.0\server\bin;C:\Program Files\Java\Maven\bin;C:\Program Files\Java\jdk1.8.0_40\bin;C:\Program Files (x86)\iis express\PHP\v5.4;c:\Program Files (x86)\ATI Technologies\ATI.ACE\Core-Static;C:\Program Files (x86)\Skype\Phone\;C:\Ruby22\bin;C:\oraclexe\app\oracle\product\10.2.0\server\bin;C:\Program Files\Java\Maven\bin;C:\Program Files\Java\jdk1.8.0_40\bin;C:\Windows\System32;C:\Program Files\nodejs\;C:\Users\CYDOBOLCTBNEM\AppData\Roaming\npm;C:\HashiCorp\Vagrant\bin;C:\Program Files\nodejs\;C:\Program Files (x86)\nodejs\;C:\Users\CYDOBOLCTBNEM\AppData\Roaming\npm;C:\Program Files\nodejs\;C:\Users\CYDOBOLCTBNEM\AppData\Roaming\npm;C:\HashiCorp\Vagrant\bin;C:\Program Files\nodejs\;C:\Program Files (x86)\nodejs\;C:\Users\CYDOBOLCTBNEM\AppData\Roaming\npm;C:\Program Files\nodejs\;C:\Users\CYDOBOLCTBNEM\AppData\Roaming\npm;C:\HashiCorp\Vagrant\bin;C:\Program Files\nodejs\;C:\Program Files (x86)\nodejs\;C:\Users\CYDOBOLCTBNEM\AppData\Roaming\npm;C:\Program Files\Java\jdk1.8.0_40\bin;C:\Program Files (x86)\iis express\PHP\v5.4;c:\Program Files (x86)\ATI Technologies\ATI.ACE\Core-Static;C:\Program Files (x86)\Skype\Phone\;C:\Ruby22\bin;C:\oraclexe\app\oracle\product\10.2.0\server\bin;C:\Program Files\Java\Maven\bin;C:\Program Files\Java\jdk1.8.0_40\bin;C:\Program Files (x86)\iis express\PHP\v5.4;c:\Program Files (x86)\ATI Technologies\ATI.ACE\Core-Static;C:\Program Files (x86)\Skype\Phone\;C:\Ruby22\bin;C:\oraclexe\app\oracle\product\10.2.0\server\bin;C:\Program Files\Java\Maven\bin;C:\Program Files\Java\jdk1.8.0_40\bin;C:\Program Files (x86)\iis express\PHP\v5.4;c:\Program Files (x86)\ATI Technologies\ATI.ACE\Core-Static;C:\Program Files (x86)\Skype\Phone\;C:\Ruby22\bin;C:\oraclexe\app\oracle\product\10.2.0\server\bin;C:\Program Files\Java\Maven\bin;C:\Program Files\Java\jdk1.8.0_40\bin;C:\Windows\System32;C:\Program Files\nodejs\;C:\Users\CYDOBOLCTBNEM\AppData\Roaming\npm;C:\HashiCorp\Vagrant\bin;C:\Program Files\nodejs\;C:\Program Files (x86)\nodejs\;C:\Users\CYDOBOLCTBNEM\AppData\Roaming\npm;C:\Program Files\nodejs\;C:\Users\CYDOBOLCTBNEM\AppData\Roaming\npm;C:\HashiCorp\Vagrant\bin;C:\Program Files\nodejs\;C:\Program Files (x86)\nodejs\;C:\Users\CYDOBOLCTBNEM\AppData\Roaming\npm;C:\Program Files\nodejs\;C:\Users\CYDOBOLCTBNEM\AppData\Roaming\npm;C:\HashiCorp\Vagrant\bin;C:\Program Files\nodejs\;C:\Program Files (x86)\nodejs\;C:\Users\CYDOBOLCTBNEM\AppData\Roaming\npm;C:\Eclipse\eclipse-java-luna-SR2-win32-x86_64\eclipse;;."/>
    <property name="java.specification.name" value="Java Platform API Specification"/>
    <property name="java.class.version" value="52.0"/>
    <property name="sun.management.compiler" value="HotSpot 64-Bit Tiered Compilers"/>
    <property name="os.version" value="6.1"/>
    <property name="user.home" value="C:\Users\CYDOBOLCTBNEM"/>
    <property name="user.timezone" value="America/Los_Angeles"/>
    <property name="java.awt.printerjob" value="sun.awt.windows.WPrinterJob"/>
    <property name="java.specification.version" value="1.8"/>
    <property name="file.encoding" value="Cp1252"/>
    <property name="user.name" value="CYDOBOLCTBNEM"/>
    <property name="java.class.path" value="/C:/Eclipse/eclipse-java-luna-SR2-win32-x86_64/eclipse/plugins/org.eclipse.m2e.maven.runtime_1.5.1.20150109-1819/jars/plexus-classworlds-2.5.1.jar"/>
    <property name="org.slf4j.simpleLogger.defaultLogLevel" value="info"/>
    <property name="java.vm.specification.version" value="1.8"/>
    <property name="sun.arch.data.model" value="64"/>
    <property name="java.home" value="C:\Program Files\Java\jdk1.8.0_40\jre"/>
    <property name="sun.java.command" value="org.codehaus.plexus.classworlds.launcher.Launcher -B install"/>
    <property name="java.specification.vendor" value="Oracle Corporation"/>
    <property name="user.language" value="en"/>
    <property name="awt.toolkit" value="sun.awt.windows.WToolkit"/>
    <property name="java.vm.info" value="mixed mode"/>
    <property name="java.version" value="1.8.0_40"/>
    <property name="java.ext.dirs" value="C:\Program Files\Java\jdk1.8.0_40\jre\lib\ext;C:\Windows\Sun\Java\lib\ext"/>
    <property name="sun.boot.class.path" value="C:\Program Files\Java\jdk1.8.0_40\jre\lib\resources.jar;C:\Program Files\Java\jdk1.8.0_40\jre\lib\rt.jar;C:\Program Files\Java\jdk1.8.0_40\jre\lib\sunrsasign.jar;C:\Program Files\Java\jdk1.8.0_40\jre\lib\jsse.jar;C:\Program Files\Java\jdk1.8.0_40\jre\lib\jce.jar;C:\Program Files\Java\jdk1.8.0_40\jre\lib\charsets.jar;C:\Program Files\Java\jdk1.8.0_40\jre\lib\jfr.jar;C:\Program Files\Java\jdk1.8.0_40\jre\classes"/>
    <property name="java.vendor" value="Oracle Corporation"/>
    <property name="maven.home" value="C:\Eclipse\WorkspaceITApp\E2E_Automation_REST_based_API_Java_HttpComponents_Client\EMBEDDED"/>
    <property name="file.separator" value="\"/>
    <property name="java.vendor.url.bug" value="http://bugreport.sun.com/bugreport/"/>
    <property name="sun.cpu.endian" value="little"/>
    <property name="sun.io.unicode.encoding" value="UnicodeLittle"/>
    <property name="sun.desktop" value="windows"/>
    <property name="sun.cpu.isalist" value="amd64"/>
  </properties>
</testsuite>